Removed Pin From Net: NetName=GND Pin=C1-2
Removed Pin From Net: NetName=GND Pin=P1-4
Removed Pin From Net: NetName=GND Pin=P1-6
Removed Pin From Net: NetName=GND Pin=P1-8
Removed Pin From Net: NetName=GND Pin=P1-10
Removed Pin From Net: NetName=TRIGGER Pin=Q1-1
Removed Pin From Net: NetName=GND Pin=Q1-3
Removed Pin From Net: NetName=TRIGGER Pin=R1-1
Removed Pin From Net: NetName=GND Pin=U1-1
Removed Pin From Net: NetName=TRIGGER Pin=U1-2
Removed Pin From Net: NetName=VCC Pin=U1-4
Removed Member From Class: ClassName=Schematic Member=Q2
Removed Member From Class: ClassName=Schematic Member=R6
Change Component DesignItemId : Designator=C1 Old DesignItemId=Cap Pol1 New DesignItemId=Cap Semi
Change Component DesignItemId : Designator=P2 Old DesignItemId=Header 2 New DesignItemId=Header 3
Change Component DesignItemId : Designator=U1 Old DesignItemId=NE555JG New DesignItemId=NE555D
Change Component Footprint: Designator=P2 Old Footprint=2_Pin_Phoenix New Footprint=4mm3pin
Change Component Footprint: Designator=U1 Old Footprint=JG008 New Footprint=D008_N
Change Component Footprint: Designator=C1 Old Footprint=polar Cap New Footprint=C1206
Change Component Footprint: Designator=C2 Old Footprint=polar Cap New Footprint=Polar Cap 9 mm
Change Component Comment : Designator=C1 Old Comment=Cap Pol1 New Comment=Cap Semi
Change Component Comment : Designator=P2 Old Comment=Header 2 New Comment=Header 3
Change Component Comment : Designator=U1 Old Comment=NE555JG New Comment=ATTINY85
Change Component Designator: OldDesignator=Q2 NewDesignator=Q1
Change Component Designator: OldDesignator=R5 NewDesignator=R3
Change Component Designator: OldDesignator=R6 NewDesignator=R4
Change Component Designator: OldDesignator=R7 NewDesignator=R5
