   1               		.file	"main.c"
   2               	__SREG__ = 0x3f
   3               	__SP_H__ = 0x3e
   4               	__SP_L__ = 0x3d
   5               	__CCP__  = 0x34
   6               	__tmp_reg__ = 0
   7               	__zero_reg__ = 1
   8               		.global __do_copy_data
   9               		.global __do_clear_bss
  17               	.Ltext0:
  18               	.global	ports_init
  20               	ports_init:
  21               	.LFB8:
  22               	.LM1:
  23               	/* prologue: function */
  24               	/* frame size = 0 */
  25               	.LM2:
  26 0000 8FEF      		ldi r24,lo8(-1)
  27 0002 84B9      		out 36-32,r24
  28               	/* epilogue start */
  29               	.LM3:
  30 0004 0895      		ret
  31               	.LFE8:
  33               	.global	main
  35               	main:
  36               	.LFB9:
  37               	.LM4:
  38               	/* prologue: function */
  39               	/* frame size = 0 */
  40               	/* epilogue start */
  41               	.LM5:
  42 0006 0895      		ret
  43               	.LFE9:
  77               	.Letext0:
DEFINED SYMBOLS
                            *ABS*:00000000 main.c
C:\Users\RG\AppData\Local\Temp/cch2Xi4g.s:2      *ABS*:0000003f __SREG__
C:\Users\RG\AppData\Local\Temp/cch2Xi4g.s:3      *ABS*:0000003e __SP_H__
C:\Users\RG\AppData\Local\Temp/cch2Xi4g.s:4      *ABS*:0000003d __SP_L__
C:\Users\RG\AppData\Local\Temp/cch2Xi4g.s:5      *ABS*:00000034 __CCP__
C:\Users\RG\AppData\Local\Temp/cch2Xi4g.s:6      *ABS*:00000000 __tmp_reg__
C:\Users\RG\AppData\Local\Temp/cch2Xi4g.s:7      *ABS*:00000001 __zero_reg__
C:\Users\RG\AppData\Local\Temp/cch2Xi4g.s:20     .text:00000000 ports_init
C:\Users\RG\AppData\Local\Temp/cch2Xi4g.s:35     .text:00000006 main

UNDEFINED SYMBOLS
__do_copy_data
__do_clear_bss
