   1               		.file	"main.c"
   2               	__SREG__ = 0x3f
   3               	__SP_H__ = 0x3e
   4               	__SP_L__ = 0x3d
   5               	__CCP__  = 0x34
   6               	__tmp_reg__ = 0
   7               	__zero_reg__ = 1
  15               	.Ltext0:
  16               	.global	WaitMs
  18               	WaitMs:
  19               	.LFB8:
  20               	.LM1:
  21               	.LVL0:
  22               	/* prologue: function */
  23               	/* frame size = 0 */
  24 0000 00C0      		rjmp .L2
  25               	.LVL1:
  26               	.L4:
  27               	.LM2:
  28 0002 20E0      		ldi r18,lo8(0)
  29 0004 30E0      		ldi r19,hi8(0)
  30               	.L3:
  31               	.LM3:
  32               	/* #APP */
  33               	 ;  65 "LCD_640.h" 1
  34 0006 0000      		nop
  35               	 ;  0 "" 2
  36               	.LM4:
  37               	/* #NOAPP */
  38 0008 2F5F      		subi r18,lo8(-(1))
  39 000a 3F4F      		sbci r19,hi8(-(1))
  40 000c 4CE0      		ldi r20,hi8(3276)
  41 000e 2C3C      		cpi r18,lo8(3276)
  42 0010 3407      		cpc r19,r20
  43 0012 01F4      		brne .L3
  44 0014 0197      		sbiw r24,1
  45               	.LVL2:
  46               	.L2:
  47               	.LM5:
  48 0016 0097      		sbiw r24,0
  49 0018 01F4      		brne .L4
  50               	/* epilogue start */
  51               	.LM6:
  52 001a 0895      		ret
  53               	.LFE8:
  55               	.global	toggleE
  57               	toggleE:
  58               	.LFB9:
  59               	.LM7:
  60               	/* prologue: function */
  61               	/* frame size = 0 */
  62               	.LM8:
  63 001c 709A      		sbi 46-32,0
  64               	.LBB222:
  65               	.LBB223:
  66               	.LBB224:
  67               	.LBB225:
  68               	.LBB226:
  69               	.LBB227:
  70               	.LM9:
  71 001e 83E3      		ldi r24,lo8(1843)
  72 0020 97E0      		ldi r25,hi8(1843)
  73               	.LVL3:
  74               	/* #APP */
  75               	 ;  105 "c:/winavr-20100110/lib/gcc/../../avr/include/util/delay_basic.h" 1
  76 0022 0197      		1: sbiw r24,1
  77 0024 01F4      		brne 1b
  78               	 ;  0 "" 2
  79               	/* #NOAPP */
  80               	.LBE227:
  81               	.LBE226:
  82               	.LBE225:
  83               	.LBE224:
  84               	.LBE223:
  85               	.LBE222:
  86               	.LM10:
  87 0026 7098      		cbi 46-32,0
  88               	/* epilogue start */
  89               	.LM11:
  90 0028 0895      		ret
  91               	.LFE9:
  93               	.global	CheckTemp
  95               	CheckTemp:
  96               	.LFB10:
  97               	.LM12:
  98               	.LVL4:
  99 002a DF93      		push r29
 100 002c CF93      		push r28
 101 002e 0F92      		push __tmp_reg__
 102 0030 CDB7      		in r28,__SP_L__
 103 0032 DEB7      		in r29,__SP_H__
 104               	/* prologue: function */
 105               	/* frame size = 1 */
 106 0034 8983      		std Y+1,r24
 107               	.LM13:
 108 0036 FE01      		movw r30,r28
 109 0038 3196      		adiw r30,1
 110 003a 8981      		ldd r24,Y+1
 111               	.LVL5:
 112 003c 87FF      		sbrs r24,7
 113 003e 00C0      		rjmp .L10
 114               	.LM14:
 115 0040 779A      		sbi 46-32,7
 116 0042 00C0      		rjmp .L11
 117               	.L10:
 118               	.LM15:
 119 0044 7798      		cbi 46-32,7
 120               	.L11:
 121               	.LM16:
 122 0046 8081      		ld r24,Z
 123 0048 86FF      		sbrs r24,6
 124 004a 00C0      		rjmp .L12
 125               	.LM17:
 126 004c 769A      		sbi 46-32,6
 127 004e 00C0      		rjmp .L13
 128               	.L12:
 129               	.LM18:
 130 0050 7698      		cbi 46-32,6
 131               	.L13:
 132               	.LM19:
 133 0052 8081      		ld r24,Z
 134 0054 81FF      		sbrs r24,1
 135 0056 00C0      		rjmp .L14
 136               	.LM20:
 137 0058 719A      		sbi 46-32,1
 138 005a 00C0      		rjmp .L15
 139               	.L14:
 140               	.LM21:
 141 005c 7198      		cbi 46-32,1
 142               	.L15:
 143               	.LM22:
 144 005e 8081      		ld r24,Z
 145 0060 82FF      		sbrs r24,2
 146 0062 00C0      		rjmp .L16
 147               	.LM23:
 148 0064 729A      		sbi 46-32,2
 149 0066 00C0      		rjmp .L17
 150               	.L16:
 151               	.LM24:
 152 0068 7298      		cbi 46-32,2
 153               	.L17:
 154               	.LM25:
 155 006a 8081      		ld r24,Z
 156 006c 80FF      		sbrs r24,0
 157 006e 00C0      		rjmp .L18
 158               	.LM26:
 159 0070 709A      		sbi 46-32,0
 160 0072 00C0      		rjmp .L20
 161               	.L18:
 162               	.LM27:
 163 0074 7098      		cbi 46-32,0
 164               	.L20:
 165               	/* epilogue start */
 166               	.LM28:
 167 0076 0F90      		pop __tmp_reg__
 168 0078 CF91      		pop r28
 169 007a DF91      		pop r29
 170 007c 0895      		ret
 171               	.LFE10:
 173               	.global	lcd_cmd
 175               	lcd_cmd:
 176               	.LFB11:
 177               	.LM29:
 178               	.LVL6:
 179 007e DF92      		push r13
 180 0080 EF92      		push r14
 181 0082 FF92      		push r15
 182 0084 0F93      		push r16
 183 0086 1F93      		push r17
 184               	/* prologue: function */
 185               	/* frame size = 0 */
 186 0088 082F      		mov r16,r24
 187               	.LM30:
 188 008a A598      		cbi 52-32,5
 189               	.LM31:
 190 008c 7098      		cbi 46-32,0
 191               	.LM32:
 192 008e E82E      		mov r14,r24
 193 0090 FF24      		clr r15
 194               	.LM33:
 195 0092 807C      		andi r24,lo8(-64)
 196               	.LVL7:
 197 0094 0E94 0000 		call CheckTemp
 198               	.LM34:
 199 0098 0695      		lsr r16
 200 009a 0695      		lsr r16
 201 009c 0695      		lsr r16
 202 009e 10E0      		ldi r17,lo8(0)
 203 00a0 0670      		andi r16,lo8(6)
 204 00a2 1070      		andi r17,hi8(6)
 205               	.LVL8:
 206               	.LM35:
 207 00a4 8EB1      		in r24,46-32
 208               	.LM36:
 209 00a6 802B      		or r24,r16
 210 00a8 0E94 0000 		call CheckTemp
 211               	.LBB228:
 212               	.LBB229:
 213               	.LBB230:
 214               	.LBB231:
 215               	.LM37:
 216 00ac 38E1      		ldi r19,lo8(24)
 217 00ae D32E      		mov r13,r19
 218 00b0 8D2D      		mov r24,r13
 219               	.LVL9:
 220               	/* #APP */
 221               	 ;  83 "c:/winavr-20100110/lib/gcc/../../avr/include/util/delay_basic.h" 1
 222 00b2 8A95      		1: dec r24
 223 00b4 01F4      		brne 1b
 224               	 ;  0 "" 2
 225               	/* #NOAPP */
 226               	.LBE231:
 227               	.LBE230:
 228               	.LBE229:
 229               	.LBE228:
 230               	.LBB232:
 231               	.LBB233:
 232               	.LM38:
 233 00b6 709A      		sbi 46-32,0
 234               	.LBB234:
 235               	.LBB235:
 236               	.LBB236:
 237               	.LBB237:
 238               	.LBB238:
 239               	.LBB239:
 240               	.LM39:
 241 00b8 03E3      		ldi r16,lo8(1843)
 242 00ba 17E0      		ldi r17,hi8(1843)
 243 00bc C801      		movw r24,r16
 244               	.LVL10:
 245               	/* #APP */
 246               	 ;  105 "c:/winavr-20100110/lib/gcc/../../avr/include/util/delay_basic.h" 1
 247 00be 0197      		1: sbiw r24,1
 248 00c0 01F4      		brne 1b
 249               	 ;  0 "" 2
 250               	/* #NOAPP */
 251               	.LBE239:
 252               	.LBE238:
 253               	.LBE237:
 254               	.LBE236:
 255               	.LBE235:
 256               	.LBE234:
 257               	.LM40:
 258 00c2 7098      		cbi 46-32,0
 259               	.LBE233:
 260               	.LBE232:
 261               	.LM41:
 262 00c4 A59A      		sbi 52-32,5
 263               	.LM42:
 264 00c6 A598      		cbi 52-32,5
 265               	.LM43:
 266 00c8 7098      		cbi 46-32,0
 267               	.LM44:
 268 00ca C701      		movw r24,r14
 269               	.LVL11:
 270 00cc 24E0      		ldi r18,4
 271 00ce 880F      	1:	lsl r24
 272 00d0 991F      		rol r25
 273 00d2 2A95      		dec r18
 274 00d4 01F4      		brne 1b
 275 00d6 807C      		andi r24,lo8(-64)
 276 00d8 0E94 0000 		call CheckTemp
 277               	.LM45:
 278 00dc EE0C      		lsl r14
 279 00de FF1C      		rol r15
 280 00e0 86E0      		ldi r24,lo8(6)
 281 00e2 E822      		and r14,r24
 282 00e4 FF24      		clr r15
 283               	.LM46:
 284 00e6 8EB1      		in r24,46-32
 285               	.LM47:
 286 00e8 8E29      		or r24,r14
 287 00ea 0E94 0000 		call CheckTemp
 288               	.LBB240:
 289               	.LBB241:
 290               	.LBB242:
 291               	.LBB243:
 292               	.LM48:
 293               	/* #APP */
 294               	 ;  83 "c:/winavr-20100110/lib/gcc/../../avr/include/util/delay_basic.h" 1
 295 00ee DA94      		1: dec r13
 296 00f0 01F4      		brne 1b
 297               	 ;  0 "" 2
 298               	.LVL12:
 299               	/* #NOAPP */
 300               	.LBE243:
 301               	.LBE242:
 302               	.LBE241:
 303               	.LBE240:
 304               	.LBB244:
 305               	.LBB245:
 306               	.LM49:
 307 00f2 709A      		sbi 46-32,0
 308               	.LBB246:
 309               	.LBB247:
 310               	.LBB248:
 311               	.LBB249:
 312               	.LBB250:
 313               	.LBB251:
 314               	.LM50:
 315 00f4 C801      		movw r24,r16
 316               	.LVL13:
 317               	/* #APP */
 318               	 ;  105 "c:/winavr-20100110/lib/gcc/../../avr/include/util/delay_basic.h" 1
 319 00f6 0197      		1: sbiw r24,1
 320 00f8 01F4      		brne 1b
 321               	 ;  0 "" 2
 322               	/* #NOAPP */
 323               	.LBE251:
 324               	.LBE250:
 325               	.LBE249:
 326               	.LBE248:
 327               	.LBE247:
 328               	.LBE246:
 329               	.LM51:
 330 00fa 7098      		cbi 46-32,0
 331               	.LBE245:
 332               	.LBE244:
 333               	.LM52:
 334 00fc 7098      		cbi 46-32,0
 335               	.LM53:
 336 00fe 7198      		cbi 46-32,1
 337               	.LM54:
 338 0100 7298      		cbi 46-32,2
 339               	.LM55:
 340 0102 7698      		cbi 46-32,6
 341               	.LM56:
 342 0104 7798      		cbi 46-32,7
 343               	.LM57:
 344 0106 8AE0      		ldi r24,lo8(10)
 345 0108 90E0      		ldi r25,hi8(10)
 346               	.LVL14:
 347 010a 0E94 0000 		call WaitMs
 348               	/* epilogue start */
 349               	.LM58:
 350 010e 1F91      		pop r17
 351 0110 0F91      		pop r16
 352 0112 FF90      		pop r15
 353 0114 EF90      		pop r14
 354 0116 DF90      		pop r13
 355               	.LVL15:
 356 0118 0895      		ret
 357               	.LFE11:
 359               	.global	lcd_init
 361               	lcd_init:
 362               	.LFB12:
 363               	.LM59:
 364               	/* prologue: function */
 365               	/* frame size = 0 */
 366               	.LM60:
 367 011a 8DB1      		in r24,45-32
 368 011c 876C      		ori r24,lo8(-57)
 369 011e 8DB9      		out 45-32,r24
 370               	.LM61:
 371 0120 9D9A      		sbi 51-32,5
 372               	.LM62:
 373 0122 8FE0      		ldi r24,lo8(15)
 374 0124 90E0      		ldi r25,hi8(15)
 375 0126 0E94 0000 		call WaitMs
 376               	.LM63:
 377 012a A598      		cbi 52-32,5
 378               	.LM64:
 379 012c 7098      		cbi 46-32,0
 380               	.LM65:
 381 012e 7198      		cbi 46-32,1
 382               	.LM66:
 383 0130 7298      		cbi 46-32,2
 384               	.LM67:
 385 0132 7698      		cbi 46-32,6
 386               	.LM68:
 387 0134 7798      		cbi 46-32,7
 388               	.LM69:
 389 0136 80E2      		ldi r24,lo8(32)
 390 0138 0E94 0000 		call lcd_cmd
 391               	.LM70:
 392 013c 81E0      		ldi r24,lo8(1)
 393 013e 90E0      		ldi r25,hi8(1)
 394 0140 0E94 0000 		call WaitMs
 395               	.LM71:
 396 0144 80E2      		ldi r24,lo8(32)
 397 0146 0E94 0000 		call lcd_cmd
 398               	.LM72:
 399 014a 81E0      		ldi r24,lo8(1)
 400 014c 90E0      		ldi r25,hi8(1)
 401 014e 0E94 0000 		call WaitMs
 402               	.LM73:
 403 0152 80E2      		ldi r24,lo8(32)
 404 0154 0E94 0000 		call lcd_cmd
 405               	.LM74:
 406 0158 81E0      		ldi r24,lo8(1)
 407 015a 90E0      		ldi r25,hi8(1)
 408 015c 0E94 0000 		call WaitMs
 409               	.LM75:
 410 0160 88E2      		ldi r24,lo8(40)
 411 0162 0E94 0000 		call lcd_cmd
 412               	.LM76:
 413 0166 81E0      		ldi r24,lo8(1)
 414 0168 90E0      		ldi r25,hi8(1)
 415 016a 0E94 0000 		call WaitMs
 416               	.LM77:
 417 016e 8EE0      		ldi r24,lo8(14)
 418 0170 0E94 0000 		call lcd_cmd
 419               	.LM78:
 420 0174 81E0      		ldi r24,lo8(1)
 421 0176 90E0      		ldi r25,hi8(1)
 422 0178 0E94 0000 		call WaitMs
 423               	.LM79:
 424 017c 81E0      		ldi r24,lo8(1)
 425 017e 0E94 0000 		call lcd_cmd
 426               	.LM80:
 427 0182 81E0      		ldi r24,lo8(1)
 428 0184 90E0      		ldi r25,hi8(1)
 429 0186 0E94 0000 		call WaitMs
 430               	.LM81:
 431 018a 86E0      		ldi r24,lo8(6)
 432 018c 0E94 0000 		call lcd_cmd
 433               	.LM82:
 434 0190 81E0      		ldi r24,lo8(1)
 435 0192 90E0      		ldi r25,hi8(1)
 436 0194 0E94 0000 		call WaitMs
 437               	/* epilogue start */
 438               	.LM83:
 439 0198 0895      		ret
 440               	.LFE12:
 442               	.global	lcd_char
 444               	lcd_char:
 445               	.LFB13:
 446               	.LM84:
 447               	.LVL16:
 448 019a DF92      		push r13
 449 019c EF92      		push r14
 450 019e FF92      		push r15
 451 01a0 0F93      		push r16
 452 01a2 1F93      		push r17
 453               	/* prologue: function */
 454               	/* frame size = 0 */
 455 01a4 082F      		mov r16,r24
 456               	.LM85:
 457 01a6 8FE0      		ldi r24,lo8(15)
 458 01a8 90E0      		ldi r25,hi8(15)
 459               	.LVL17:
 460 01aa 0E94 0000 		call WaitMs
 461               	.LM86:
 462 01ae A59A      		sbi 52-32,5
 463               	.LM87:
 464 01b0 7098      		cbi 46-32,0
 465               	.LM88:
 466 01b2 E02E      		mov r14,r16
 467 01b4 FF24      		clr r15
 468               	.LM89:
 469 01b6 802F      		mov r24,r16
 470               	.LVL18:
 471 01b8 807C      		andi r24,lo8(-64)
 472 01ba 0E94 0000 		call CheckTemp
 473               	.LM90:
 474 01be 0695      		lsr r16
 475 01c0 0695      		lsr r16
 476 01c2 0695      		lsr r16
 477               	.LVL19:
 478 01c4 10E0      		ldi r17,lo8(0)
 479 01c6 0670      		andi r16,lo8(6)
 480 01c8 1070      		andi r17,hi8(6)
 481               	.LVL20:
 482               	.LM91:
 483 01ca 8EB1      		in r24,46-32
 484               	.LM92:
 485 01cc 802B      		or r24,r16
 486 01ce 0E94 0000 		call CheckTemp
 487               	.LBB252:
 488               	.LBB253:
 489               	.LBB254:
 490               	.LBB255:
 491               	.LM93:
 492 01d2 68E1      		ldi r22,lo8(24)
 493 01d4 D62E      		mov r13,r22
 494 01d6 8D2D      		mov r24,r13
 495               	.LVL21:
 496               	/* #APP */
 497               	 ;  83 "c:/winavr-20100110/lib/gcc/../../avr/include/util/delay_basic.h" 1
 498 01d8 8A95      		1: dec r24
 499 01da 01F4      		brne 1b
 500               	 ;  0 "" 2
 501               	/* #NOAPP */
 502               	.LBE255:
 503               	.LBE254:
 504               	.LBE253:
 505               	.LBE252:
 506               	.LBB256:
 507               	.LBB257:
 508               	.LM94:
 509 01dc 709A      		sbi 46-32,0
 510               	.LBB258:
 511               	.LBB259:
 512               	.LBB260:
 513               	.LBB261:
 514               	.LBB262:
 515               	.LBB263:
 516               	.LM95:
 517 01de 03E3      		ldi r16,lo8(1843)
 518 01e0 17E0      		ldi r17,hi8(1843)
 519 01e2 C801      		movw r24,r16
 520               	.LVL22:
 521               	/* #APP */
 522               	 ;  105 "c:/winavr-20100110/lib/gcc/../../avr/include/util/delay_basic.h" 1
 523 01e4 0197      		1: sbiw r24,1
 524 01e6 01F4      		brne 1b
 525               	 ;  0 "" 2
 526               	/* #NOAPP */
 527               	.LBE263:
 528               	.LBE262:
 529               	.LBE261:
 530               	.LBE260:
 531               	.LBE259:
 532               	.LBE258:
 533               	.LM96:
 534 01e8 7098      		cbi 46-32,0
 535               	.LBE257:
 536               	.LBE256:
 537               	.LM97:
 538 01ea A598      		cbi 52-32,5
 539               	.LM98:
 540 01ec 7098      		cbi 46-32,0
 541               	.LM99:
 542 01ee A59A      		sbi 52-32,5
 543               	.LM100:
 544 01f0 C701      		movw r24,r14
 545               	.LVL23:
 546 01f2 54E0      		ldi r21,4
 547 01f4 880F      	1:	lsl r24
 548 01f6 991F      		rol r25
 549 01f8 5A95      		dec r21
 550 01fa 01F4      		brne 1b
 551 01fc 807C      		andi r24,lo8(-64)
 552 01fe 0E94 0000 		call CheckTemp
 553               	.LM101:
 554 0202 EE0C      		lsl r14
 555 0204 FF1C      		rol r15
 556 0206 86E0      		ldi r24,lo8(6)
 557 0208 E822      		and r14,r24
 558 020a FF24      		clr r15
 559               	.LM102:
 560 020c 8EB1      		in r24,46-32
 561               	.LM103:
 562 020e 8E29      		or r24,r14
 563 0210 0E94 0000 		call CheckTemp
 564               	.LBB264:
 565               	.LBB265:
 566               	.LBB266:
 567               	.LBB267:
 568               	.LM104:
 569               	/* #APP */
 570               	 ;  83 "c:/winavr-20100110/lib/gcc/../../avr/include/util/delay_basic.h" 1
 571 0214 DA94      		1: dec r13
 572 0216 01F4      		brne 1b
 573               	 ;  0 "" 2
 574               	.LVL24:
 575               	/* #NOAPP */
 576               	.LBE267:
 577               	.LBE266:
 578               	.LBE265:
 579               	.LBE264:
 580               	.LBB268:
 581               	.LBB269:
 582               	.LM105:
 583 0218 709A      		sbi 46-32,0
 584               	.LBB270:
 585               	.LBB271:
 586               	.LBB272:
 587               	.LBB273:
 588               	.LBB274:
 589               	.LBB275:
 590               	.LM106:
 591 021a C801      		movw r24,r16
 592               	.LVL25:
 593               	/* #APP */
 594               	 ;  105 "c:/winavr-20100110/lib/gcc/../../avr/include/util/delay_basic.h" 1
 595 021c 0197      		1: sbiw r24,1
 596 021e 01F4      		brne 1b
 597               	 ;  0 "" 2
 598               	/* #NOAPP */
 599               	.LBE275:
 600               	.LBE274:
 601               	.LBE273:
 602               	.LBE272:
 603               	.LBE271:
 604               	.LBE270:
 605               	.LM107:
 606 0220 7098      		cbi 46-32,0
 607               	/* epilogue start */
 608               	.LBE269:
 609               	.LBE268:
 610               	.LM108:
 611 0222 1F91      		pop r17
 612 0224 0F91      		pop r16
 613 0226 FF90      		pop r15
 614 0228 EF90      		pop r14
 615 022a DF90      		pop r13
 616               	.LVL26:
 617 022c 0895      		ret
 618               	.LFE13:
 620               	.global	lcd_string
 622               	lcd_string:
 623               	.LFB14:
 624               	.LM109:
 625               	.LVL27:
 626 022e AF92      		push r10
 627 0230 BF92      		push r11
 628 0232 CF92      		push r12
 629 0234 DF92      		push r13
 630 0236 FF92      		push r15
 631 0238 0F93      		push r16
 632 023a 1F93      		push r17
 633 023c CF93      		push r28
 634 023e DF93      		push r29
 635               	/* prologue: function */
 636               	/* frame size = 0 */
 637 0240 6C01      		movw r12,r24
 638               	.LM110:
 639 0242 A59A      		sbi 52-32,5
 640               	.LM111:
 641 0244 7098      		cbi 46-32,0
 642 0246 FF24      		clr r15
 643               	.LVL28:
 644               	.LBB276:
 645               	.LBB277:
 646               	.LBB278:
 647               	.LBB279:
 648               	.LBB280:
 649               	.LBB281:
 650               	.LBB282:
 651               	.LBB283:
 652               	.LM112:
 653 0248 A3E3      		ldi r26,lo8(1843)
 654 024a AA2E      		mov r10,r26
 655 024c A7E0      		ldi r26,hi8(1843)
 656 024e BA2E      		mov r11,r26
 657 0250 00C0      		rjmp .L28
 658               	.LVL29:
 659               	.L30:
 660               	.LBE283:
 661               	.LBE282:
 662               	.LBE281:
 663               	.LBE280:
 664               	.LBE279:
 665               	.LBE278:
 666               	.LBE277:
 667               	.LBE276:
 668               	.LM113:
 669 0252 80E1      		ldi r24,lo8(16)
 670 0254 F816      		cp r15,r24
 671 0256 01F4      		brne .L29
 672               	.LM114:
 673 0258 80EC      		ldi r24,lo8(-64)
 674 025a 0E94 0000 		call lcd_cmd
 675               	.L29:
 676               	.LM115:
 677 025e A59A      		sbi 52-32,5
 678               	.LM116:
 679 0260 7098      		cbi 46-32,0
 680               	.LM117:
 681 0262 0881      		ld r16,Y
 682               	.LVL30:
 683 0264 10E0      		ldi r17,lo8(0)
 684               	.LVL31:
 685               	.LM118:
 686 0266 802F      		mov r24,r16
 687 0268 807C      		andi r24,lo8(-64)
 688 026a 0E94 0000 		call CheckTemp
 689               	.LM119:
 690 026e F3E0      		ldi r31,3
 691 0270 1595      	1:	asr r17
 692 0272 0795      		ror r16
 693 0274 FA95      		dec r31
 694 0276 01F4      		brne 1b
 695               	.LVL32:
 696 0278 0670      		andi r16,lo8(6)
 697 027a 1070      		andi r17,hi8(6)
 698               	.LM120:
 699 027c 8EB1      		in r24,46-32
 700               	.LM121:
 701 027e 802B      		or r24,r16
 702 0280 0E94 0000 		call CheckTemp
 703               	.LBB291:
 704               	.LBB290:
 705               	.LM122:
 706 0284 709A      		sbi 46-32,0
 707               	.LBB289:
 708               	.LBB288:
 709               	.LBB287:
 710               	.LBB286:
 711               	.LBB285:
 712               	.LBB284:
 713               	.LM123:
 714 0286 C501      		movw r24,r10
 715               	.LVL33:
 716               	/* #APP */
 717               	 ;  105 "c:/winavr-20100110/lib/gcc/../../avr/include/util/delay_basic.h" 1
 718 0288 0197      		1: sbiw r24,1
 719 028a 01F4      		brne 1b
 720               	 ;  0 "" 2
 721               	/* #NOAPP */
 722               	.LBE284:
 723               	.LBE285:
 724               	.LBE286:
 725               	.LBE287:
 726               	.LBE288:
 727               	.LBE289:
 728               	.LM124:
 729 028c 7098      		cbi 46-32,0
 730               	.LBE290:
 731               	.LBE291:
 732               	.LM125:
 733 028e A598      		cbi 52-32,5
 734               	.LM126:
 735 0290 A59A      		sbi 52-32,5
 736               	.LM127:
 737 0292 7098      		cbi 46-32,0
 738               	.LM128:
 739 0294 0881      		ld r16,Y
 740               	.LVL34:
 741 0296 10E0      		ldi r17,lo8(0)
 742               	.LVL35:
 743               	.LM129:
 744 0298 C801      		movw r24,r16
 745               	.LVL36:
 746 029a E4E0      		ldi r30,4
 747 029c 880F      	1:	lsl r24
 748 029e 991F      		rol r25
 749 02a0 EA95      		dec r30
 750 02a2 01F4      		brne 1b
 751 02a4 807C      		andi r24,lo8(-64)
 752 02a6 0E94 0000 		call CheckTemp
 753               	.LM130:
 754 02aa 000F      		lsl r16
 755 02ac 111F      		rol r17
 756 02ae 0670      		andi r16,lo8(6)
 757 02b0 1070      		andi r17,hi8(6)
 758               	.LM131:
 759 02b2 8EB1      		in r24,46-32
 760               	.LM132:
 761 02b4 802B      		or r24,r16
 762 02b6 0E94 0000 		call CheckTemp
 763               	.LBB292:
 764               	.LBB293:
 765               	.LM133:
 766 02ba 709A      		sbi 46-32,0
 767               	.LBB294:
 768               	.LBB295:
 769               	.LBB296:
 770               	.LBB297:
 771               	.LBB298:
 772               	.LBB299:
 773               	.LM134:
 774 02bc C501      		movw r24,r10
 775               	.LVL37:
 776               	/* #APP */
 777               	 ;  105 "c:/winavr-20100110/lib/gcc/../../avr/include/util/delay_basic.h" 1
 778 02be 0197      		1: sbiw r24,1
 779 02c0 01F4      		brne 1b
 780               	 ;  0 "" 2
 781               	/* #NOAPP */
 782               	.LBE299:
 783               	.LBE298:
 784               	.LBE297:
 785               	.LBE296:
 786               	.LBE295:
 787               	.LBE294:
 788               	.LM135:
 789 02c2 7098      		cbi 46-32,0
 790               	.LBE293:
 791               	.LBE292:
 792               	.LM136:
 793 02c4 F394      		inc r15
 794               	.LM137:
 795 02c6 81E0      		ldi r24,lo8(1)
 796 02c8 90E0      		ldi r25,hi8(1)
 797               	.LVL38:
 798 02ca 0E94 0000 		call WaitMs
 799               	.LVL39:
 800               	.L28:
 801               	.LM138:
 802 02ce E601      		movw r28,r12
 803 02d0 CF0D      		add r28,r15
 804 02d2 D11D      		adc r29,__zero_reg__
 805 02d4 8881      		ld r24,Y
 806 02d6 8823      		tst r24
 807 02d8 01F0      		breq .+2
 808 02da 00C0      		rjmp .L30
 809               	/* epilogue start */
 810               	.LM139:
 811 02dc DF91      		pop r29
 812 02de CF91      		pop r28
 813 02e0 1F91      		pop r17
 814               	.LVL40:
 815 02e2 0F91      		pop r16
 816               	.LVL41:
 817 02e4 FF90      		pop r15
 818               	.LVL42:
 819 02e6 DF90      		pop r13
 820 02e8 CF90      		pop r12
 821               	.LVL43:
 822 02ea BF90      		pop r11
 823 02ec AF90      		pop r10
 824 02ee 0895      		ret
 825               	.LFE14:
 827               	.global	lcd_showvalue
 829               	lcd_showvalue:
 830               	.LFB15:
 831               	.LM140:
 832               	.LVL44:
 833 02f0 8F92      		push r8
 834 02f2 9F92      		push r9
 835 02f4 AF92      		push r10
 836 02f6 BF92      		push r11
 837 02f8 CF92      		push r12
 838 02fa DF92      		push r13
 839 02fc EF92      		push r14
 840 02fe FF92      		push r15
 841 0300 1F93      		push r17
 842 0302 CF93      		push r28
 843 0304 DF93      		push r29
 844               	/* prologue: function */
 845               	/* frame size = 0 */
 846 0306 6B01      		movw r12,r22
 847 0308 7C01      		movw r14,r24
 848               	.LM141:
 849 030a 97FF      		sbrs r25,7
 850 030c 00C0      		rjmp .L33
 851               	.LM142:
 852 030e 8DE2      		ldi r24,lo8(45)
 853 0310 0E94 0000 		call lcd_char
 854               	.LVL45:
 855               	.LM143:
 856 0314 F094      		com r15
 857 0316 E094      		com r14
 858 0318 D094      		com r13
 859 031a C094      		com r12
 860 031c C11C      		adc r12,__zero_reg__
 861 031e D11C      		adc r13,__zero_reg__
 862 0320 E11C      		adc r14,__zero_reg__
 863 0322 F11C      		adc r15,__zero_reg__
 864               	.LVL46:
 865               	.L33:
 866               	.LM144:
 867 0324 C701      		movw r24,r14
 868 0326 B601      		movw r22,r12
 869 0328 20EA      		ldi r18,lo8(100000)
 870 032a 36E8      		ldi r19,hi8(100000)
 871 032c 41E0      		ldi r20,hlo8(100000)
 872 032e 50E0      		ldi r21,hhi8(100000)
 873 0330 0E94 0000 		call __divmodsi4
 874 0334 6115      		cp r22,__zero_reg__
 875 0336 7105      		cpc r23,__zero_reg__
 876 0338 8105      		cpc r24,__zero_reg__
 877 033a 9105      		cpc r25,__zero_reg__
 878 033c 01F4      		brne .L34
 879 033e C5E0      		ldi r28,lo8(5)
 880 0340 D0E0      		ldi r29,hi8(5)
 881               	.LVL47:
 882 0342 00C0      		rjmp .L35
 883               	.LVL48:
 884               	.L34:
 885               	.LM145:
 886 0344 C701      		movw r24,r14
 887 0346 B601      		movw r22,r12
 888 0348 20E1      		ldi r18,lo8(10000)
 889 034a 37E2      		ldi r19,hi8(10000)
 890 034c 40E0      		ldi r20,hlo8(10000)
 891 034e 50E0      		ldi r21,hhi8(10000)
 892 0350 0E94 0000 		call __divmodsi4
 893 0354 6115      		cp r22,__zero_reg__
 894 0356 7105      		cpc r23,__zero_reg__
 895 0358 8105      		cpc r24,__zero_reg__
 896 035a 9105      		cpc r25,__zero_reg__
 897 035c 01F4      		brne .L36
 898 035e C4E0      		ldi r28,lo8(4)
 899 0360 D0E0      		ldi r29,hi8(4)
 900               	.LVL49:
 901 0362 00C0      		rjmp .L35
 902               	.LVL50:
 903               	.L36:
 904               	.LM146:
 905 0364 C701      		movw r24,r14
 906 0366 B601      		movw r22,r12
 907 0368 28EE      		ldi r18,lo8(1000)
 908 036a 33E0      		ldi r19,hi8(1000)
 909 036c 40E0      		ldi r20,hlo8(1000)
 910 036e 50E0      		ldi r21,hhi8(1000)
 911 0370 0E94 0000 		call __divmodsi4
 912 0374 6115      		cp r22,__zero_reg__
 913 0376 7105      		cpc r23,__zero_reg__
 914 0378 8105      		cpc r24,__zero_reg__
 915 037a 9105      		cpc r25,__zero_reg__
 916 037c 01F4      		brne .L37
 917 037e C3E0      		ldi r28,lo8(3)
 918 0380 D0E0      		ldi r29,hi8(3)
 919               	.LVL51:
 920 0382 00C0      		rjmp .L35
 921               	.LVL52:
 922               	.L37:
 923               	.LM147:
 924 0384 C701      		movw r24,r14
 925 0386 B601      		movw r22,r12
 926 0388 24E6      		ldi r18,lo8(100)
 927 038a 30E0      		ldi r19,hi8(100)
 928 038c 40E0      		ldi r20,hlo8(100)
 929 038e 50E0      		ldi r21,hhi8(100)
 930 0390 0E94 0000 		call __divmodsi4
 931 0394 6115      		cp r22,__zero_reg__
 932 0396 7105      		cpc r23,__zero_reg__
 933 0398 8105      		cpc r24,__zero_reg__
 934 039a 9105      		cpc r25,__zero_reg__
 935 039c 01F4      		brne .L38
 936 039e C2E0      		ldi r28,lo8(2)
 937 03a0 D0E0      		ldi r29,hi8(2)
 938               	.LVL53:
 939 03a2 00C0      		rjmp .L35
 940               	.LVL54:
 941               	.L38:
 942 03a4 C0E0      		ldi r28,lo8(0)
 943 03a6 D0E0      		ldi r29,hi8(0)
 944               	.LVL55:
 945 03a8 C701      		movw r24,r14
 946 03aa B601      		movw r22,r12
 947 03ac 2AE0      		ldi r18,lo8(10)
 948 03ae 30E0      		ldi r19,hi8(10)
 949 03b0 40E0      		ldi r20,hlo8(10)
 950 03b2 50E0      		ldi r21,hhi8(10)
 951 03b4 0E94 0000 		call __divmodsi4
 952 03b8 6115      		cp r22,__zero_reg__
 953 03ba 7105      		cpc r23,__zero_reg__
 954 03bc 8105      		cpc r24,__zero_reg__
 955 03be 9105      		cpc r25,__zero_reg__
 956 03c0 01F4      		brne .L35
 957 03c2 C1E0      		ldi r28,lo8(1)
 958 03c4 D0E0      		ldi r29,hi8(1)
 959               	.L35:
 960 03c6 8824      		clr r8
 961 03c8 9924      		clr r9
 962 03ca 5401      		movw r10,r8
 963               	.LVL56:
 964 03cc 00C0      		rjmp .L40
 965               	.LVL57:
 966               	.L41:
 967               	.LM148:
 968 03ce C701      		movw r24,r14
 969 03d0 B601      		movw r22,r12
 970 03d2 2AE0      		ldi r18,lo8(10)
 971 03d4 30E0      		ldi r19,hi8(10)
 972 03d6 40E0      		ldi r20,hlo8(10)
 973 03d8 50E0      		ldi r21,hhi8(10)
 974 03da 0E94 0000 		call __divmodsi4
 975 03de 162F      		mov r17,r22
 976               	.LM149:
 977 03e0 C701      		movw r24,r14
 978 03e2 B601      		movw r22,r12
 979 03e4 2AE0      		ldi r18,lo8(10)
 980 03e6 30E0      		ldi r19,hi8(10)
 981 03e8 40E0      		ldi r20,hlo8(10)
 982 03ea 50E0      		ldi r21,hhi8(10)
 983 03ec 0E94 0000 		call __divmodsi4
 984 03f0 C901      		movw r24,r18
 985 03f2 DA01      		movw r26,r20
 986 03f4 6C01      		movw r12,r24
 987 03f6 7D01      		movw r14,r26
 988               	.LM150:
 989 03f8 C501      		movw r24,r10
 990 03fa B401      		movw r22,r8
 991 03fc 2AE0      		ldi r18,lo8(10)
 992 03fe 30E0      		ldi r19,hi8(10)
 993 0400 40E0      		ldi r20,hlo8(10)
 994 0402 50E0      		ldi r21,hhi8(10)
 995 0404 0E94 0000 		call __mulsi3
 996 0408 4B01      		movw r8,r22
 997 040a 5C01      		movw r10,r24
 998 040c 810E      		add r8,r17
 999 040e 911C      		adc r9,__zero_reg__
 1000 0410 A11C      		adc r10,__zero_reg__
 1001 0412 B11C      		adc r11,__zero_reg__
 1002               	.L40:
 1003               	.LM151:
 1004 0414 C114      		cp r12,__zero_reg__
 1005 0416 D104      		cpc r13,__zero_reg__
 1006 0418 E104      		cpc r14,__zero_reg__
 1007 041a F104      		cpc r15,__zero_reg__
 1008 041c 01F4      		brne .L41
 1009 041e 00C0      		rjmp .L47
 1010               	.L43:
 1011               	.LM152:
 1012 0420 C501      		movw r24,r10
 1013 0422 B401      		movw r22,r8
 1014 0424 2AE0      		ldi r18,lo8(10)
 1015 0426 30E0      		ldi r19,hi8(10)
 1016 0428 40E0      		ldi r20,hlo8(10)
 1017 042a 50E0      		ldi r21,hhi8(10)
 1018 042c 0E94 0000 		call __udivmodsi4
 1019 0430 162F      		mov r17,r22
 1020               	.LM153:
 1021 0432 C501      		movw r24,r10
 1022 0434 B401      		movw r22,r8
 1023 0436 2AE0      		ldi r18,lo8(10)
 1024 0438 30E0      		ldi r19,hi8(10)
 1025 043a 40E0      		ldi r20,hlo8(10)
 1026 043c 50E0      		ldi r21,hhi8(10)
 1027 043e 0E94 0000 		call __udivmodsi4
 1028 0442 C901      		movw r24,r18
 1029 0444 DA01      		movw r26,r20
 1030 0446 4C01      		movw r8,r24
 1031 0448 5D01      		movw r10,r26
 1032               	.LM154:
 1033 044a 812F      		mov r24,r17
 1034 044c 805D      		subi r24,lo8(-(48))
 1035 044e 0E94 0000 		call lcd_char
 1036               	.LVL58:
 1037               	.L47:
 1038               	.LM155:
 1039 0452 8114      		cp r8,__zero_reg__
 1040 0454 9104      		cpc r9,__zero_reg__
 1041 0456 A104      		cpc r10,__zero_reg__
 1042 0458 B104      		cpc r11,__zero_reg__
 1043 045a 01F4      		brne .L43
 1044 045c 00C0      		rjmp .L48
 1045               	.L45:
 1046               	.LM156:
 1047 045e 80E3      		ldi r24,lo8(48)
 1048 0460 0E94 0000 		call lcd_char
 1049               	.LM157:
 1050 0464 2197      		sbiw r28,1
 1051               	.LVL59:
 1052               	.L48:
 1053               	.LM158:
 1054 0466 2097      		sbiw r28,0
 1055 0468 01F4      		brne .L45
 1056               	/* epilogue start */
 1057               	.LM159:
 1058 046a DF91      		pop r29
 1059 046c CF91      		pop r28
 1060               	.LVL60:
 1061 046e 1F91      		pop r17
 1062 0470 FF90      		pop r15
 1063 0472 EF90      		pop r14
 1064 0474 DF90      		pop r13
 1065 0476 CF90      		pop r12
 1066               	.LVL61:
 1067 0478 BF90      		pop r11
 1068 047a AF90      		pop r10
 1069 047c 9F90      		pop r9
 1070 047e 8F90      		pop r8
 1071               	.LVL62:
 1072 0480 0895      		ret
 1073               	.LFE15:
 1075               	.global	lcd_gotoxy1
 1077               	lcd_gotoxy1:
 1078               	.LFB17:
 1079               	.LM160:
 1080               	.LVL63:
 1081               	/* prologue: function */
 1082               	/* frame size = 0 */
 1083               	.LM161:
 1084 0482 8058      		subi r24,lo8(-(-128))
 1085               	.LVL64:
 1086 0484 0E94 0000 		call lcd_cmd
 1087               	/* epilogue start */
 1088               	.LM162:
 1089 0488 0895      		ret
 1090               	.LFE17:
 1092               	.global	lcd_gotoxy2
 1094               	lcd_gotoxy2:
 1095               	.LFB18:
 1096               	.LM163:
 1097               	.LVL65:
 1098               	/* prologue: function */
 1099               	/* frame size = 0 */
 1100               	.LM164:
 1101 048a 8054      		subi r24,lo8(-(-64))
 1102               	.LVL66:
 1103 048c 0E94 0000 		call lcd_cmd
 1104               	/* epilogue start */
 1105               	.LM165:
 1106 0490 0895      		ret
 1107               	.LFE18:
 1109               	.global	lcd_showvalueh
 1111               	lcd_showvalueh:
 1112               	.LFB19:
 1113               	.LM166:
 1114               	.LVL67:
 1115 0492 EF92      		push r14
 1116 0494 FF92      		push r15
 1117 0496 0F93      		push r16
 1118 0498 1F93      		push r17
 1119               	/* prologue: function */
 1120               	/* frame size = 0 */
 1121 049a 8C01      		movw r16,r24
 1122               	.LM167:
 1123 049c 64E6      		ldi r22,lo8(100)
 1124 049e 70E0      		ldi r23,hi8(100)
 1125 04a0 0E94 0000 		call __udivmodhi4
 1126               	.LVL68:
 1127 04a4 462F      		mov r20,r22
 1128               	.LM168:
 1129 04a6 262F      		mov r18,r22
 1130               	.LVL69:
 1131 04a8 30E0      		ldi r19,lo8(0)
 1132               	.LVL70:
 1133 04aa 8CE9      		ldi r24,lo8(-100)
 1134 04ac 9FEF      		ldi r25,hi8(-100)
 1135 04ae 289F      		mul r18,r24
 1136 04b0 7001      		movw r14,r0
 1137 04b2 299F      		mul r18,r25
 1138 04b4 F00C      		add r15,r0
 1139 04b6 389F      		mul r19,r24
 1140 04b8 F00C      		add r15,r0
 1141 04ba 1124      		clr r1
 1142 04bc C701      		movw r24,r14
 1143 04be 800F      		add r24,r16
 1144 04c0 911F      		adc r25,r17
 1145 04c2 6AE0      		ldi r22,lo8(10)
 1146 04c4 70E0      		ldi r23,hi8(10)
 1147 04c6 0E94 0000 		call __udivmodhi4
 1148 04ca 162F      		mov r17,r22
 1149               	.LM169:
 1150 04cc 842F      		mov r24,r20
 1151 04ce 805D      		subi r24,lo8(-(48))
 1152 04d0 0E94 0000 		call lcd_char
 1153               	.LVL71:
 1154               	.LM170:
 1155 04d4 812F      		mov r24,r17
 1156 04d6 805D      		subi r24,lo8(-(48))
 1157 04d8 0E94 0000 		call lcd_char
 1158               	.LM171:
 1159 04dc 005D      		subi r16,lo8(-(48))
 1160               	.LVL72:
 1161 04de 0E0D      		add r16,r14
 1162 04e0 86EF      		ldi r24,lo8(-10)
 1163 04e2 9FEF      		ldi r25,hi8(-10)
 1164 04e4 189F      		mul r17,r24
 1165 04e6 602D      		mov r22,r0
 1166 04e8 1124      		clr r1
 1167 04ea 862F      		mov r24,r22
 1168 04ec 800F      		add r24,r16
 1169 04ee 0E94 0000 		call lcd_char
 1170               	/* epilogue start */
 1171               	.LM172:
 1172 04f2 1F91      		pop r17
 1173 04f4 0F91      		pop r16
 1174 04f6 FF90      		pop r15
 1175 04f8 EF90      		pop r14
 1176 04fa 0895      		ret
 1177               	.LFE19:
 1179               	.global	gameByte
 1181               	gameByte:
 1182               	.LFB20:
 1183               	.LM173:
 1184               	.LVL73:
 1185               	/* prologue: function */
 1186               	/* frame size = 0 */
 1187 04fc BC01      		movw r22,r24
 1188               	.LBB300:
 1189               	.LBB301:
 1190               	.LBB302:
 1191               	.LBB303:
 1192               	.LM174:
 1193 04fe 84E0      		ldi r24,lo8(4)
 1194               	.LVL74:
 1195               	/* #APP */
 1196               	 ;  83 "c:/winavr-20100110/lib/gcc/../../avr/include/util/delay_basic.h" 1
 1197 0500 8A95      		1: dec r24
 1198 0502 01F4      		brne 1b
 1199               	 ;  0 "" 2
 1200               	/* #NOAPP */
 1201 0504 20E0      		ldi r18,lo8(0)
 1202 0506 30E0      		ldi r19,hi8(0)
 1203               	.LVL75:
 1204 0508 40E0      		ldi r20,lo8(0)
 1205 050a 50E0      		ldi r21,hi8(0)
 1206               	.LVL76:
 1207               	.LBE303:
 1208               	.LBE302:
 1209               	.LBE301:
 1210               	.LBE300:
 1211               	.LBB304:
 1212               	.LBB305:
 1213               	.LBB306:
 1214               	.LBB307:
 1215 050c A4E0      		ldi r26,lo8(4)
 1216               	.LBE307:
 1217               	.LBE306:
 1218               	.LBE305:
 1219               	.LBE304:
 1220               	.LM175:
 1221 050e E1E0      		ldi r30,lo8(1)
 1222 0510 F0E0      		ldi r31,hi8(1)
 1223               	.LVL77:
 1224               	.L59:
 1225               	.LM176:
 1226 0512 CB01      		movw r24,r22
 1227               	.LVL78:
 1228 0514 022E      		mov r0,r18
 1229 0516 00C0      		rjmp 2f
 1230 0518 9595      	1:	asr r25
 1231 051a 8795      		ror r24
 1232 051c 0A94      	2:	dec r0
 1233 051e 02F4      		brpl 1b
 1234 0520 80FF      		sbrs r24,0
 1235 0522 00C0      		rjmp .L56
 1236               	.LM177:
 1237 0524 5B9A      		sbi 43-32,3
 1238 0526 00C0      		rjmp .L57
 1239               	.L56:
 1240               	.LM178:
 1241 0528 5B98      		cbi 43-32,3
 1242               	.L57:
 1243               	.LM179:
 1244 052a 5898      		cbi 43-32,0
 1245               	.LBB311:
 1246               	.LBB310:
 1247               	.LBB309:
 1248               	.LBB308:
 1249               	.LM180:
 1250 052c 8A2F      		mov r24,r26
 1251               	.LVL79:
 1252               	/* #APP */
 1253               	 ;  83 "c:/winavr-20100110/lib/gcc/../../avr/include/util/delay_basic.h" 1
 1254 052e 8A95      		1: dec r24
 1255 0530 01F4      		brne 1b
 1256               	 ;  0 "" 2
 1257               	/* #NOAPP */
 1258               	.LBE308:
 1259               	.LBE309:
 1260               	.LBE310:
 1261               	.LBE311:
 1262               	.LM181:
 1263 0532 499B      		sbis 41-32,1
 1264 0534 00C0      		rjmp .L58
 1265               	.LM182:
 1266 0536 CF01      		movw r24,r30
 1267               	.LVL80:
 1268 0538 022E      		mov r0,r18
 1269 053a 00C0      		rjmp 2f
 1270 053c 880F      	1:	lsl r24
 1271 053e 991F      		rol r25
 1272 0540 0A94      	2:	dec r0
 1273 0542 02F4      		brpl 1b
 1274 0544 482B      		or r20,r24
 1275 0546 592B      		or r21,r25
 1276               	.LVL81:
 1277               	.L58:
 1278               	.LM183:
 1279 0548 589A      		sbi 43-32,0
 1280               	.LM184:
 1281 054a 2F5F      		subi r18,lo8(-(1))
 1282 054c 3F4F      		sbci r19,hi8(-(1))
 1283 054e 2830      		cpi r18,8
 1284 0550 3105      		cpc r19,__zero_reg__
 1285 0552 01F4      		brne .L59
 1286               	.LM185:
 1287 0554 5B9A      		sbi 43-32,3
 1288               	.LBB312:
 1289               	.LBB313:
 1290               	.LBB314:
 1291               	.LBB315:
 1292               	.LM186:
 1293 0556 82E6      		ldi r24,lo8(98)
 1294               	.LVL82:
 1295               	/* #APP */
 1296               	 ;  83 "c:/winavr-20100110/lib/gcc/../../avr/include/util/delay_basic.h" 1
 1297 0558 8A95      		1: dec r24
 1298 055a 01F4      		brne 1b
 1299               	 ;  0 "" 2
 1300               	/* #NOAPP */
 1301               	.LBE315:
 1302               	.LBE314:
 1303               	.LBE313:
 1304               	.LBE312:
 1305               	.LM187:
 1306 055c CA01      		movw r24,r20
 1307               	.LVL83:
 1308               	/* epilogue start */
 1309 055e 0895      		ret
 1310               	.LFE20:
 1312               	.global	joystick_config
 1314               	joystick_config:
 1315               	.LFB21:
 1316               	.LM188:
 1317 0560 EF92      		push r14
 1318 0562 FF92      		push r15
 1319 0564 0F93      		push r16
 1320 0566 1F93      		push r17
 1321               	/* prologue: function */
 1322               	/* frame size = 0 */
 1323               	.LM189:
 1324 0568 5B9A      		sbi 43-32,3
 1325               	.LM190:
 1326 056a 589A      		sbi 43-32,0
 1327               	.LM191:
 1328 056c 5C98      		cbi 43-32,4
 1329               	.LM192:
 1330 056e 81E0      		ldi r24,lo8(1)
 1331 0570 90E0      		ldi r25,hi8(1)
 1332 0572 0E94 0000 		call gameByte
 1333               	.LM193:
 1334 0576 83E4      		ldi r24,lo8(67)
 1335 0578 90E0      		ldi r25,hi8(67)
 1336 057a 0E94 0000 		call gameByte
 1337               	.LM194:
 1338 057e 80E0      		ldi r24,lo8(0)
 1339 0580 90E0      		ldi r25,hi8(0)
 1340 0582 0E94 0000 		call gameByte
 1341               	.LM195:
 1342 0586 81E0      		ldi r24,lo8(1)
 1343 0588 90E0      		ldi r25,hi8(1)
 1344 058a 0E94 0000 		call gameByte
 1345               	.LM196:
 1346 058e 80E0      		ldi r24,lo8(0)
 1347 0590 90E0      		ldi r25,hi8(0)
 1348 0592 0E94 0000 		call gameByte
 1349               	.LM197:
 1350 0596 5B9A      		sbi 43-32,3
 1351               	.LBB316:
 1352               	.LBB317:
 1353               	.LBB318:
 1354               	.LBB319:
 1355               	.LM198:
 1356 0598 B6E6      		ldi r27,lo8(3686)
 1357 059a EB2E      		mov r14,r27
 1358 059c BEE0      		ldi r27,hi8(3686)
 1359 059e FB2E      		mov r15,r27
 1360 05a0 C701      		movw r24,r14
 1361               	.LVL84:
 1362               	/* #APP */
 1363               	 ;  105 "c:/winavr-20100110/lib/gcc/../../avr/include/util/delay_basic.h" 1
 1364 05a2 0197      		1: sbiw r24,1
 1365 05a4 01F4      		brne 1b
 1366               	 ;  0 "" 2
 1367               	/* #NOAPP */
 1368               	.LBE319:
 1369               	.LBE318:
 1370               	.LBE317:
 1371               	.LBE316:
 1372               	.LM199:
 1373 05a6 5C9A      		sbi 43-32,4
 1374               	.LBB320:
 1375               	.LBB321:
 1376               	.LBB322:
 1377               	.LBB323:
 1378               	.LM200:
 1379 05a8 00E0      		ldi r16,lo8(-28672)
 1380 05aa 10E9      		ldi r17,hi8(-28672)
 1381 05ac C801      		movw r24,r16
 1382               	.LVL85:
 1383               	/* #APP */
 1384               	 ;  105 "c:/winavr-20100110/lib/gcc/../../avr/include/util/delay_basic.h" 1
 1385 05ae 0197      		1: sbiw r24,1
 1386 05b0 01F4      		brne 1b
 1387               	 ;  0 "" 2
 1388               	/* #NOAPP */
 1389               	.LBE323:
 1390               	.LBE322:
 1391               	.LBE321:
 1392               	.LBE320:
 1393               	.LM201:
 1394 05b2 5B9A      		sbi 43-32,3
 1395               	.LM202:
 1396 05b4 589A      		sbi 43-32,0
 1397               	.LM203:
 1398 05b6 5C98      		cbi 43-32,4
 1399               	.LM204:
 1400 05b8 81E0      		ldi r24,lo8(1)
 1401 05ba 90E0      		ldi r25,hi8(1)
 1402               	.LVL86:
 1403 05bc 0E94 0000 		call gameByte
 1404               	.LM205:
 1405 05c0 84E4      		ldi r24,lo8(68)
 1406 05c2 90E0      		ldi r25,hi8(68)
 1407 05c4 0E94 0000 		call gameByte
 1408               	.LM206:
 1409 05c8 80E0      		ldi r24,lo8(0)
 1410 05ca 90E0      		ldi r25,hi8(0)
 1411 05cc 0E94 0000 		call gameByte
 1412               	.LM207:
 1413 05d0 81E0      		ldi r24,lo8(1)
 1414 05d2 90E0      		ldi r25,hi8(1)
 1415 05d4 0E94 0000 		call gameByte
 1416               	.LM208:
 1417 05d8 83E0      		ldi r24,lo8(3)
 1418 05da 90E0      		ldi r25,hi8(3)
 1419 05dc 0E94 0000 		call gameByte
 1420               	.LM209:
 1421 05e0 80E0      		ldi r24,lo8(0)
 1422 05e2 90E0      		ldi r25,hi8(0)
 1423 05e4 0E94 0000 		call gameByte
 1424               	.LM210:
 1425 05e8 80E0      		ldi r24,lo8(0)
 1426 05ea 90E0      		ldi r25,hi8(0)
 1427 05ec 0E94 0000 		call gameByte
 1428               	.LM211:
 1429 05f0 80E0      		ldi r24,lo8(0)
 1430 05f2 90E0      		ldi r25,hi8(0)
 1431 05f4 0E94 0000 		call gameByte
 1432               	.LM212:
 1433 05f8 80E0      		ldi r24,lo8(0)
 1434 05fa 90E0      		ldi r25,hi8(0)
 1435 05fc 0E94 0000 		call gameByte
 1436               	.LM213:
 1437 0600 5B9A      		sbi 43-32,3
 1438               	.LBB324:
 1439               	.LBB325:
 1440               	.LBB326:
 1441               	.LBB327:
 1442               	.LM214:
 1443 0602 C701      		movw r24,r14
 1444               	.LVL87:
 1445               	/* #APP */
 1446               	 ;  105 "c:/winavr-20100110/lib/gcc/../../avr/include/util/delay_basic.h" 1
 1447 0604 0197      		1: sbiw r24,1
 1448 0606 01F4      		brne 1b
 1449               	 ;  0 "" 2
 1450               	/* #NOAPP */
 1451               	.LBE327:
 1452               	.LBE326:
 1453               	.LBE325:
 1454               	.LBE324:
 1455               	.LM215:
 1456 0608 5C9A      		sbi 43-32,4
 1457               	.LBB328:
 1458               	.LBB329:
 1459               	.LBB330:
 1460               	.LBB331:
 1461               	.LM216:
 1462 060a C801      		movw r24,r16
 1463               	.LVL88:
 1464               	/* #APP */
 1465               	 ;  105 "c:/winavr-20100110/lib/gcc/../../avr/include/util/delay_basic.h" 1
 1466 060c 0197      		1: sbiw r24,1
 1467 060e 01F4      		brne 1b
 1468               	 ;  0 "" 2
 1469               	/* #NOAPP */
 1470               	.LBE331:
 1471               	.LBE330:
 1472               	.LBE329:
 1473               	.LBE328:
 1474               	.LM217:
 1475 0610 5B9A      		sbi 43-32,3
 1476               	.LM218:
 1477 0612 589A      		sbi 43-32,0
 1478               	.LM219:
 1479 0614 5C98      		cbi 43-32,4
 1480               	.LM220:
 1481 0616 81E0      		ldi r24,lo8(1)
 1482 0618 90E0      		ldi r25,hi8(1)
 1483               	.LVL89:
 1484 061a 0E94 0000 		call gameByte
 1485               	.LM221:
 1486 061e 83E4      		ldi r24,lo8(67)
 1487 0620 90E0      		ldi r25,hi8(67)
 1488 0622 0E94 0000 		call gameByte
 1489               	.LM222:
 1490 0626 80E0      		ldi r24,lo8(0)
 1491 0628 90E0      		ldi r25,hi8(0)
 1492 062a 0E94 0000 		call gameByte
 1493               	.LM223:
 1494 062e 80E0      		ldi r24,lo8(0)
 1495 0630 90E0      		ldi r25,hi8(0)
 1496 0632 0E94 0000 		call gameByte
 1497               	.LM224:
 1498 0636 8AE5      		ldi r24,lo8(90)
 1499 0638 90E0      		ldi r25,hi8(90)
 1500 063a 0E94 0000 		call gameByte
 1501               	.LM225:
 1502 063e 8AE5      		ldi r24,lo8(90)
 1503 0640 90E0      		ldi r25,hi8(90)
 1504 0642 0E94 0000 		call gameByte
 1505               	.LM226:
 1506 0646 8AE5      		ldi r24,lo8(90)
 1507 0648 90E0      		ldi r25,hi8(90)
 1508 064a 0E94 0000 		call gameByte
 1509               	.LM227:
 1510 064e 8AE5      		ldi r24,lo8(90)
 1511 0650 90E0      		ldi r25,hi8(90)
 1512 0652 0E94 0000 		call gameByte
 1513               	.LM228:
 1514 0656 8AE5      		ldi r24,lo8(90)
 1515 0658 90E0      		ldi r25,hi8(90)
 1516 065a 0E94 0000 		call gameByte
 1517               	.LM229:
 1518 065e 5B9A      		sbi 43-32,3
 1519               	.LBB332:
 1520               	.LBB333:
 1521               	.LBB334:
 1522               	.LBB335:
 1523               	.LM230:
 1524 0660 C701      		movw r24,r14
 1525               	.LVL90:
 1526               	/* #APP */
 1527               	 ;  105 "c:/winavr-20100110/lib/gcc/../../avr/include/util/delay_basic.h" 1
 1528 0662 0197      		1: sbiw r24,1
 1529 0664 01F4      		brne 1b
 1530               	 ;  0 "" 2
 1531               	/* #NOAPP */
 1532               	.LBE335:
 1533               	.LBE334:
 1534               	.LBE333:
 1535               	.LBE332:
 1536               	.LM231:
 1537 0666 5C9A      		sbi 43-32,4
 1538               	.LBB336:
 1539               	.LBB337:
 1540               	.LBB338:
 1541               	.LBB339:
 1542               	.LM232:
 1543 0668 C801      		movw r24,r16
 1544               	.LVL91:
 1545               	/* #APP */
 1546               	 ;  105 "c:/winavr-20100110/lib/gcc/../../avr/include/util/delay_basic.h" 1
 1547 066a 0197      		1: sbiw r24,1
 1548 066c 01F4      		brne 1b
 1549               	 ;  0 "" 2
 1550               	/* #NOAPP */
 1551               	.LBE339:
 1552               	.LBE338:
 1553               	.LBE337:
 1554               	.LBE336:
 1555               	.LM233:
 1556 066e 5B9A      		sbi 43-32,3
 1557               	.LM234:
 1558 0670 589A      		sbi 43-32,0
 1559               	.LM235:
 1560 0672 5C98      		cbi 43-32,4
 1561               	.LM236:
 1562 0674 81E0      		ldi r24,lo8(1)
 1563 0676 90E0      		ldi r25,hi8(1)
 1564               	.LVL92:
 1565 0678 0E94 0000 		call gameByte
 1566               	.LM237:
 1567 067c 82E4      		ldi r24,lo8(66)
 1568 067e 90E0      		ldi r25,hi8(66)
 1569 0680 0E94 0000 		call gameByte
 1570 0684 8093 0000 		sts chk_ana,r24
 1571               	.LM238:
 1572 0688 80E0      		ldi r24,lo8(0)
 1573 068a 90E0      		ldi r25,hi8(0)
 1574 068c 0E94 0000 		call gameByte
 1575               	.LM239:
 1576 0690 80E0      		ldi r24,lo8(0)
 1577 0692 90E0      		ldi r25,hi8(0)
 1578 0694 0E94 0000 		call gameByte
 1579               	.LM240:
 1580 0698 80E0      		ldi r24,lo8(0)
 1581 069a 90E0      		ldi r25,hi8(0)
 1582 069c 0E94 0000 		call gameByte
 1583               	.LM241:
 1584 06a0 80E0      		ldi r24,lo8(0)
 1585 06a2 90E0      		ldi r25,hi8(0)
 1586 06a4 0E94 0000 		call gameByte
 1587               	.LM242:
 1588 06a8 80E0      		ldi r24,lo8(0)
 1589 06aa 90E0      		ldi r25,hi8(0)
 1590 06ac 0E94 0000 		call gameByte
 1591               	.LM243:
 1592 06b0 80E0      		ldi r24,lo8(0)
 1593 06b2 90E0      		ldi r25,hi8(0)
 1594 06b4 0E94 0000 		call gameByte
 1595               	.LM244:
 1596 06b8 80E0      		ldi r24,lo8(0)
 1597 06ba 90E0      		ldi r25,hi8(0)
 1598 06bc 0E94 0000 		call gameByte
 1599               	.LM245:
 1600 06c0 5B9A      		sbi 43-32,3
 1601               	.LBB340:
 1602               	.LBB341:
 1603               	.LBB342:
 1604               	.LBB343:
 1605               	.LM246:
 1606 06c2 C701      		movw r24,r14
 1607               	.LVL93:
 1608               	/* #APP */
 1609               	 ;  105 "c:/winavr-20100110/lib/gcc/../../avr/include/util/delay_basic.h" 1
 1610 06c4 0197      		1: sbiw r24,1
 1611 06c6 01F4      		brne 1b
 1612               	 ;  0 "" 2
 1613               	/* #NOAPP */
 1614               	.LBE343:
 1615               	.LBE342:
 1616               	.LBE341:
 1617               	.LBE340:
 1618               	.LM247:
 1619 06c8 5C9A      		sbi 43-32,4
 1620               	.LBB344:
 1621               	.LBB345:
 1622               	.LBB346:
 1623               	.LBB347:
 1624               	.LM248:
 1625 06ca C801      		movw r24,r16
 1626               	.LVL94:
 1627               	/* #APP */
 1628               	 ;  105 "c:/winavr-20100110/lib/gcc/../../avr/include/util/delay_basic.h" 1
 1629 06cc 0197      		1: sbiw r24,1
 1630 06ce 01F4      		brne 1b
 1631               	 ;  0 "" 2
 1632               	/* epilogue start */
 1633               	/* #NOAPP */
 1634               	.LBE347:
 1635               	.LBE346:
 1636               	.LBE345:
 1637               	.LBE344:
 1638               	.LM249:
 1639 06d0 1F91      		pop r17
 1640 06d2 0F91      		pop r16
 1641 06d4 FF90      		pop r15
 1642 06d6 EF90      		pop r14
 1643 06d8 0895      		ret
 1644               	.LFE21:
 1646               	.global	ps2_init
 1648               	ps2_init:
 1649               	.LFB22:
 1650               	.LM250:
 1651               	/* prologue: function */
 1652               	/* frame size = 0 */
 1653               	.LM251:
 1654 06da 509A      		sbi 42-32,0
 1655               	.LM252:
 1656 06dc 5198      		cbi 42-32,1
 1657               	.LM253:
 1658 06de 599A      		sbi 43-32,1
 1659               	.LM254:
 1660 06e0 5298      		cbi 42-32,2
 1661               	.LM255:
 1662 06e2 5A9A      		sbi 43-32,2
 1663               	.LM256:
 1664 06e4 539A      		sbi 42-32,3
 1665               	.LM257:
 1666 06e6 549A      		sbi 42-32,4
 1667               	/* epilogue start */
 1668               	.LM258:
 1669 06e8 0895      		ret
 1670               	.LFE22:
 1672               	.global	joystick_poll
 1674               	joystick_poll:
 1675               	.LFB23:
 1676               	.LM259:
 1677               	/* prologue: function */
 1678               	/* frame size = 0 */
 1679               	.LM260:
 1680 06ea 5B9A      		sbi 43-32,3
 1681               	.LM261:
 1682 06ec 589A      		sbi 43-32,0
 1683               	.LM262:
 1684 06ee 5C98      		cbi 43-32,4
 1685               	.LM263:
 1686 06f0 81E0      		ldi r24,lo8(1)
 1687 06f2 90E0      		ldi r25,hi8(1)
 1688 06f4 0E94 0000 		call gameByte
 1689               	.LM264:
 1690 06f8 82E4      		ldi r24,lo8(66)
 1691 06fa 90E0      		ldi r25,hi8(66)
 1692 06fc 0E94 0000 		call gameByte
 1693 0700 9093 0000 		sts (temp)+1,r25
 1694 0704 8093 0000 		sts temp,r24
 1695               	.LM265:
 1696 0708 80E0      		ldi r24,lo8(0)
 1697 070a 90E0      		ldi r25,hi8(0)
 1698 070c 0E94 0000 		call gameByte
 1699               	.LM266:
 1700 0710 80E0      		ldi r24,lo8(0)
 1701 0712 90E0      		ldi r25,hi8(0)
 1702 0714 0E94 0000 		call gameByte
 1703 0718 9093 0000 		sts (data0)+1,r25
 1704 071c 8093 0000 		sts data0,r24
 1705               	.LM267:
 1706 0720 80E0      		ldi r24,lo8(0)
 1707 0722 90E0      		ldi r25,hi8(0)
 1708 0724 0E94 0000 		call gameByte
 1709 0728 9093 0000 		sts (data1)+1,r25
 1710 072c 8093 0000 		sts data1,r24
 1711               	.LM268:
 1712 0730 80E0      		ldi r24,lo8(0)
 1713 0732 90E0      		ldi r25,hi8(0)
 1714 0734 0E94 0000 		call gameByte
 1715 0738 9093 0000 		sts (data2)+1,r25
 1716 073c 8093 0000 		sts data2,r24
 1717               	.LM269:
 1718 0740 80E0      		ldi r24,lo8(0)
 1719 0742 90E0      		ldi r25,hi8(0)
 1720 0744 0E94 0000 		call gameByte
 1721 0748 9093 0000 		sts (data3)+1,r25
 1722 074c 8093 0000 		sts data3,r24
 1723               	.LM270:
 1724 0750 80E0      		ldi r24,lo8(0)
 1725 0752 90E0      		ldi r25,hi8(0)
 1726 0754 0E94 0000 		call gameByte
 1727 0758 9093 0000 		sts (data4)+1,r25
 1728 075c 8093 0000 		sts data4,r24
 1729               	.LM271:
 1730 0760 80E0      		ldi r24,lo8(0)
 1731 0762 90E0      		ldi r25,hi8(0)
 1732 0764 0E94 0000 		call gameByte
 1733 0768 9093 0000 		sts (data5)+1,r25
 1734 076c 8093 0000 		sts data5,r24
 1735               	.LBB348:
 1736               	.LBB349:
 1737               	.LBB350:
 1738               	.LBB351:
 1739               	.LM272:
 1740 0770 84E0      		ldi r24,lo8(4)
 1741 0772 982F      		mov r25,r24
 1742               	.LVL95:
 1743               	/* #APP */
 1744               	 ;  83 "c:/winavr-20100110/lib/gcc/../../avr/include/util/delay_basic.h" 1
 1745 0774 9A95      		1: dec r25
 1746 0776 01F4      		brne 1b
 1747               	 ;  0 "" 2
 1748               	/* #NOAPP */
 1749               	.LBE351:
 1750               	.LBE350:
 1751               	.LBE349:
 1752               	.LBE348:
 1753               	.LM273:
 1754 0778 5B9A      		sbi 43-32,3
 1755               	.LBB352:
 1756               	.LBB353:
 1757               	.LBB354:
 1758               	.LBB355:
 1759               	.LM274:
 1760               	/* #APP */
 1761               	 ;  83 "c:/winavr-20100110/lib/gcc/../../avr/include/util/delay_basic.h" 1
 1762 077a 8A95      		1: dec r24
 1763 077c 01F4      		brne 1b
 1764               	 ;  0 "" 2
 1765               	.LVL96:
 1766               	/* #NOAPP */
 1767               	.LBE355:
 1768               	.LBE354:
 1769               	.LBE353:
 1770               	.LBE352:
 1771               	.LM275:
 1772 077e 5C9A      		sbi 43-32,4
 1773               	/* epilogue start */
 1774               	.LM276:
 1775 0780 0895      		ret
 1776               	.LFE23:
 1778               	.global	trace_circular_curve
 1780               	trace_circular_curve:
 1781               	.LFB24:
 1782               	.LM277:
 1783               	/* prologue: function */
 1784               	/* frame size = 0 */
 1785               	.LM278:
 1786 0782 41EE      		ldi r20,lo8(737)
 1787 0784 52E0      		ldi r21,hi8(737)
 1788               	.LM279:
 1789 0786 26E8      		ldi r18,lo8(646)
 1790 0788 32E0      		ldi r19,hi8(646)
 1791               	.L69:
 1792               	.LM280:
 1793 078a 8091 0B01 		lds r24,267
 1794 078e 8360      		ori r24,lo8(3)
 1795 0790 8093 0B01 		sts 267,r24
 1796               	.LM281:
 1797 0794 5093 AB00 		sts (170)+1,r21
 1798 0798 4093 AA00 		sts 170,r20
 1799               	.LM282:
 1800 079c 3093 AD00 		sts (172)+1,r19
 1801 07a0 2093 AC00 		sts 172,r18
 1802 07a4 00C0      		rjmp .L69
 1803               	.LFE24:
 1805               	.global	pwm_init
 1807               	pwm_init:
 1808               	.LFB25:
 1809               	.LM283:
 1810               	/* prologue: function */
 1811               	/* frame size = 0 */
 1812               	.LM284:
 1813 07a6 88EA      		ldi r24,lo8(-88)
 1814 07a8 8093 A000 		sts 160,r24
 1815               	.LM285:
 1816 07ac 81E1      		ldi r24,lo8(17)
 1817 07ae 8093 A100 		sts 161,r24
 1818               	.LM286:
 1819 07b2 81EE      		ldi r24,lo8(737)
 1820 07b4 92E0      		ldi r25,hi8(737)
 1821 07b6 9093 A700 		sts (166)+1,r25
 1822 07ba 8093 A600 		sts 166,r24
 1823               	/* epilogue start */
 1824               	.LM287:
 1825 07be 0895      		ret
 1826               	.LFE25:
 1828               	.global	port_init
 1830               	port_init:
 1831               	.LFB26:
 1832               	.LM288:
 1833               	/* prologue: function */
 1834               	/* frame size = 0 */
 1835               	.LM289:
 1836 07c0 E1E0      		ldi r30,lo8(257)
 1837 07c2 F1E0      		ldi r31,hi8(257)
 1838 07c4 8081      		ld r24,Z
 1839 07c6 8063      		ori r24,lo8(48)
 1840 07c8 8083      		st Z,r24
 1841               	.LM290:
 1842 07ca EAE0      		ldi r30,lo8(266)
 1843 07cc F1E0      		ldi r31,hi8(266)
 1844 07ce 8081      		ld r24,Z
 1845 07d0 8360      		ori r24,lo8(3)
 1846 07d2 8083      		st Z,r24
 1847               	/* epilogue start */
 1848               	.LM291:
 1849 07d4 0895      		ret
 1850               	.LFE26:
 1852               	.global	leftREV
 1854               	leftREV:
 1855               	.LFB27:
 1856               	.LM292:
 1857               	.LVL97:
 1858               	/* prologue: function */
 1859               	/* frame size = 0 */
 1860               	.LM293:
 1861 07d6 EBE0      		ldi r30,lo8(267)
 1862 07d8 F1E0      		ldi r31,hi8(267)
 1863 07da 2081      		ld r18,Z
 1864 07dc 2D7F      		andi r18,lo8(-3)
 1865 07de 2083      		st Z,r18
 1866               	.LM294:
 1867 07e0 9093 AD00 		sts (172)+1,r25
 1868 07e4 8093 AC00 		sts 172,r24
 1869               	.LVL98:
 1870               	/* epilogue start */
 1871               	.LM295:
 1872 07e8 0895      		ret
 1873               	.LFE27:
 1875               	.global	rightREV
 1877               	rightREV:
 1878               	.LFB28:
 1879               	.LM296:
 1880               	.LVL99:
 1881               	/* prologue: function */
 1882               	/* frame size = 0 */
 1883               	.LM297:
 1884 07ea EBE0      		ldi r30,lo8(267)
 1885 07ec F1E0      		ldi r31,hi8(267)
 1886 07ee 2081      		ld r18,Z
 1887 07f0 2E7F      		andi r18,lo8(-2)
 1888 07f2 2083      		st Z,r18
 1889               	.LM298:
 1890 07f4 9093 AB00 		sts (170)+1,r25
 1891 07f8 8093 AA00 		sts 170,r24
 1892               	.LVL100:
 1893               	/* epilogue start */
 1894               	.LM299:
 1895 07fc 0895      		ret
 1896               	.LFE28:
 1898               	.global	leftFWD
 1900               	leftFWD:
 1901               	.LFB29:
 1902               	.LM300:
 1903               	.LVL101:
 1904               	/* prologue: function */
 1905               	/* frame size = 0 */
 1906               	.LM301:
 1907 07fe EBE0      		ldi r30,lo8(267)
 1908 0800 F1E0      		ldi r31,hi8(267)
 1909 0802 2081      		ld r18,Z
 1910 0804 2260      		ori r18,lo8(2)
 1911 0806 2083      		st Z,r18
 1912               	.LM302:
 1913 0808 9093 AD00 		sts (172)+1,r25
 1914 080c 8093 AC00 		sts 172,r24
 1915               	.LVL102:
 1916               	/* epilogue start */
 1917               	.LM303:
 1918 0810 0895      		ret
 1919               	.LFE29:
 1921               	.global	rightFWD
 1923               	rightFWD:
 1924               	.LFB30:
 1925               	.LM304:
 1926               	.LVL103:
 1927               	/* prologue: function */
 1928               	/* frame size = 0 */
 1929               	.LM305:
 1930 0812 EBE0      		ldi r30,lo8(267)
 1931 0814 F1E0      		ldi r31,hi8(267)
 1932 0816 2081      		ld r18,Z
 1933 0818 2160      		ori r18,lo8(1)
 1934 081a 2083      		st Z,r18
 1935               	.LM306:
 1936 081c 9093 AB00 		sts (170)+1,r25
 1937 0820 8093 AA00 		sts 170,r24
 1938               	.LVL104:
 1939               	/* epilogue start */
 1940               	.LM307:
 1941 0824 0895      		ret
 1942               	.LFE30:
 1944               	.global	bot_stop
 1946               	bot_stop:
 1947               	.LFB31:
 1948               	.LM308:
 1949               	/* prologue: function */
 1950               	/* frame size = 0 */
 1951               	.LM309:
 1952 0826 1092 AB00 		sts (170)+1,__zero_reg__
 1953 082a 1092 AA00 		sts 170,__zero_reg__
 1954               	.LM310:
 1955 082e 1092 AD00 		sts (172)+1,__zero_reg__
 1956 0832 1092 AC00 		sts 172,__zero_reg__
 1957               	.LM311:
 1958 0836 EBE0      		ldi r30,lo8(267)
 1959 0838 F1E0      		ldi r31,hi8(267)
 1960 083a 8081      		ld r24,Z
 1961 083c 93E0      		ldi r25,lo8(3)
 1962 083e 8927      		eor r24,r25
 1963 0840 8083      		st Z,r24
 1964               	/* epilogue start */
 1965               	.LM312:
 1966 0842 0895      		ret
 1967               	.LFE31:
 1969               	.global	bot_stop2
 1971               	bot_stop2:
 1972               	.LFB32:
 1973               	.LM313:
 1974               	/* prologue: function */
 1975               	/* frame size = 0 */
 1976               	.LM314:
 1977 0844 1092 AB00 		sts (170)+1,__zero_reg__
 1978 0848 1092 AA00 		sts 170,__zero_reg__
 1979               	.LM315:
 1980 084c 1092 AD00 		sts (172)+1,__zero_reg__
 1981 0850 1092 AC00 		sts 172,__zero_reg__
 1982               	/* epilogue start */
 1983               	.LM316:
 1984 0854 0895      		ret
 1985               	.LFE32:
 1987               	.global	main
 1989               	main:
 1990               	.LFB33:
 1991               	.LM317:
 1992               	/* prologue: function */
 1993               	/* frame size = 0 */
 1994               	.LM318:
 1995 0856 0E94 0000 		call lcd_init
 1996               	.LM319:
 1997 085a 61E0      		ldi r22,lo8(1)
 1998 085c 70E0      		ldi r23,hi8(1)
 1999 085e 80E0      		ldi r24,hlo8(1)
 2000 0860 90E0      		ldi r25,hhi8(1)
 2001 0862 0E94 0000 		call lcd_showvalue
 2002               	.LM320:
 2003 0866 80E0      		ldi r24,lo8(0)
 2004 0868 90E0      		ldi r25,hi8(0)
 2005               	/* epilogue start */
 2006 086a 0895      		ret
 2007               	.LFE33:
 2009               	.global	lcd_showvaluef
 2011               	lcd_showvaluef:
 2012               	.LFB16:
 2013               	.LM321:
 2014               	.LVL105:
 2015 086c EF92      		push r14
 2016 086e FF92      		push r15
 2017 0870 0F93      		push r16
 2018 0872 1F93      		push r17
 2019 0874 DF93      		push r29
 2020 0876 CF93      		push r28
 2021 0878 00D0      		rcall .
 2022 087a 00D0      		rcall .
 2023 087c CDB7      		in r28,__SP_L__
 2024 087e DEB7      		in r29,__SP_H__
 2025               	/* prologue: function */
 2026               	/* frame size = 4 */
 2027 0880 7B01      		movw r14,r22
 2028 0882 8C01      		movw r16,r24
 2029               	.LM322:
 2030 0884 20E0      		ldi r18,lo8(0x0)
 2031 0886 30E0      		ldi r19,hi8(0x0)
 2032 0888 40E0      		ldi r20,hlo8(0x0)
 2033 088a 50E0      		ldi r21,hhi8(0x0)
 2034 088c 0E94 0000 		call __ltsf2
 2035               	.LVL106:
 2036 0890 8823      		tst r24
 2037 0892 04F4      		brge .L90
 2038               	.LM323:
 2039 0894 8DE2      		ldi r24,lo8(45)
 2040 0896 0E94 0000 		call lcd_char
 2041               	.LM324:
 2042 089a 17FB      		bst r17,7
 2043 089c 1095      		com r17
 2044 089e 17F9      		bld r17,7
 2045 08a0 1095      		com r17
 2046               	.L90:
 2047               	.LM325:
 2048 08a2 C801      		movw r24,r16
 2049 08a4 B701      		movw r22,r14
 2050 08a6 0E94 0000 		call __fixunssfsi
 2051 08aa 0E94 0000 		call lcd_showvalue
 2052               	.LM326:
 2053 08ae C801      		movw r24,r16
 2054 08b0 B701      		movw r22,r14
 2055 08b2 AE01      		movw r20,r28
 2056 08b4 4F5F      		subi r20,lo8(-(1))
 2057 08b6 5F4F      		sbci r21,hi8(-(1))
 2058 08b8 0E94 0000 		call modf
 2059 08bc 7B01      		movw r14,r22
 2060 08be 8C01      		movw r16,r24
 2061               	.LVL107:
 2062               	.LM327:
 2063 08c0 8EE2      		ldi r24,lo8(46)
 2064 08c2 0E94 0000 		call lcd_char
 2065               	.LM328:
 2066 08c6 C801      		movw r24,r16
 2067 08c8 B701      		movw r22,r14
 2068 08ca 20E0      		ldi r18,lo8(0x47c35000)
 2069 08cc 30E5      		ldi r19,hi8(0x47c35000)
 2070 08ce 43EC      		ldi r20,hlo8(0x47c35000)
 2071 08d0 57E4      		ldi r21,hhi8(0x47c35000)
 2072 08d2 0E94 0000 		call __mulsf3
 2073 08d6 0E94 0000 		call __fixunssfsi
 2074 08da 0E94 0000 		call lcd_showvalue
 2075               	/* epilogue start */
 2076               	.LM329:
 2077 08de 0F90      		pop __tmp_reg__
 2078 08e0 0F90      		pop __tmp_reg__
 2079 08e2 0F90      		pop __tmp_reg__
 2080 08e4 0F90      		pop __tmp_reg__
 2081 08e6 CF91      		pop r28
 2082 08e8 DF91      		pop r29
 2083 08ea 1F91      		pop r17
 2084 08ec 0F91      		pop r16
 2085 08ee FF90      		pop r15
 2086 08f0 EF90      		pop r14
 2087               	.LVL108:
 2088 08f2 0895      		ret
 2089               	.LFE16:
 2091               	.global	k
 2092               	.global	k
 2093               		.section .bss
 2096               	k:
 2097 0000 00        		.skip 1,0
 2098               	.global	j
 2099               	.global	j
 2102               	j:
 2103 0001 00        		.skip 1,0
 2104               	.global	ch
 2105               		.data
 2108               	ch:
 2109 0000 30        		.byte	48
 2110 0001 31        		.byte	49
 2111 0002 32        		.byte	50
 2112 0003 33        		.byte	51
 2113 0004 34        		.byte	52
 2114 0005 35        		.byte	53
 2115 0006 36        		.byte	54
 2116 0007 37        		.byte	55
 2117 0008 38        		.byte	56
 2118 0009 39        		.byte	57
 2119               	.global	tenthousand
 2120               	.global	tenthousand
 2121               		.section .bss
 2124               	tenthousand:
 2125 0002 00        		.skip 1,0
 2126               	.global	thousand
 2127               	.global	thousand
 2130               	thousand:
 2131 0003 00        		.skip 1,0
 2132               	.global	hundred
 2133               	.global	hundred
 2136               	hundred:
 2137 0004 00        		.skip 1,0
 2138               	.global	ten
 2139               	.global	ten
 2142               	ten:
 2143 0005 00        		.skip 1,0
 2144               	.global	one
 2145               	.global	one
 2148               	one:
 2149 0006 00        		.skip 1,0
 2150               	.global	chk_ana
 2151               	.global	chk_ana
 2154               	chk_ana:
 2155 0007 00        		.skip 1,0
 2156               	.global	data0
 2157               	.global	data0
 2160               	data0:
 2161 0008 0000      		.skip 2,0
 2162               	.global	data1
 2163               	.global	data1
 2166               	data1:
 2167 000a 0000      		.skip 2,0
 2168               	.global	data2
 2169               	.global	data2
 2172               	data2:
 2173 000c 0000      		.skip 2,0
 2174               	.global	data3
 2175               	.global	data3
 2178               	data3:
 2179 000e 0000      		.skip 2,0
 2180               	.global	data4
 2181               	.global	data4
 2184               	data4:
 2185 0010 0000      		.skip 2,0
 2186               	.global	data5
 2187               	.global	data5
 2190               	data5:
 2191 0012 0000      		.skip 2,0
 2192               	.global	temp
 2193               	.global	temp
 2196               	temp:
 2197 0014 0000      		.skip 2,0
 2198               	.global	i_data1
 2199               	.global	i_data1
 2202               	i_data1:
 2203 0016 0000      		.skip 2,0
 2204               	.global	i_check
 2205               	.global	i_check
 2208               	i_check:
 2209 0018 0000      		.skip 2,0
 2434               	.Letext0:
DEFINED SYMBOLS
                            *ABS*:00000000 main.c
C:\Users\YATEEN~1\AppData\Local\Temp/cc8rf0NS.s:2      *ABS*:0000003f __SREG__
C:\Users\YATEEN~1\AppData\Local\Temp/cc8rf0NS.s:3      *ABS*:0000003e __SP_H__
C:\Users\YATEEN~1\AppData\Local\Temp/cc8rf0NS.s:4      *ABS*:0000003d __SP_L__
C:\Users\YATEEN~1\AppData\Local\Temp/cc8rf0NS.s:5      *ABS*:00000034 __CCP__
C:\Users\YATEEN~1\AppData\Local\Temp/cc8rf0NS.s:6      *ABS*:00000000 __tmp_reg__
C:\Users\YATEEN~1\AppData\Local\Temp/cc8rf0NS.s:7      *ABS*:00000001 __zero_reg__
C:\Users\YATEEN~1\AppData\Local\Temp/cc8rf0NS.s:18     .text:00000000 WaitMs
C:\Users\YATEEN~1\AppData\Local\Temp/cc8rf0NS.s:57     .text:0000001c toggleE
C:\Users\YATEEN~1\AppData\Local\Temp/cc8rf0NS.s:95     .text:0000002a CheckTemp
C:\Users\YATEEN~1\AppData\Local\Temp/cc8rf0NS.s:175    .text:0000007e lcd_cmd
C:\Users\YATEEN~1\AppData\Local\Temp/cc8rf0NS.s:361    .text:0000011a lcd_init
C:\Users\YATEEN~1\AppData\Local\Temp/cc8rf0NS.s:444    .text:0000019a lcd_char
C:\Users\YATEEN~1\AppData\Local\Temp/cc8rf0NS.s:622    .text:0000022e lcd_string
C:\Users\YATEEN~1\AppData\Local\Temp/cc8rf0NS.s:829    .text:000002f0 lcd_showvalue
C:\Users\YATEEN~1\AppData\Local\Temp/cc8rf0NS.s:1077   .text:00000482 lcd_gotoxy1
C:\Users\YATEEN~1\AppData\Local\Temp/cc8rf0NS.s:1094   .text:0000048a lcd_gotoxy2
C:\Users\YATEEN~1\AppData\Local\Temp/cc8rf0NS.s:1111   .text:00000492 lcd_showvalueh
C:\Users\YATEEN~1\AppData\Local\Temp/cc8rf0NS.s:1181   .text:000004fc gameByte
C:\Users\YATEEN~1\AppData\Local\Temp/cc8rf0NS.s:1314   .text:00000560 joystick_config
C:\Users\YATEEN~1\AppData\Local\Temp/cc8rf0NS.s:2154   .bss:00000007 chk_ana
C:\Users\YATEEN~1\AppData\Local\Temp/cc8rf0NS.s:1648   .text:000006da ps2_init
C:\Users\YATEEN~1\AppData\Local\Temp/cc8rf0NS.s:1674   .text:000006ea joystick_poll
C:\Users\YATEEN~1\AppData\Local\Temp/cc8rf0NS.s:2196   .bss:00000014 temp
C:\Users\YATEEN~1\AppData\Local\Temp/cc8rf0NS.s:2160   .bss:00000008 data0
C:\Users\YATEEN~1\AppData\Local\Temp/cc8rf0NS.s:2166   .bss:0000000a data1
C:\Users\YATEEN~1\AppData\Local\Temp/cc8rf0NS.s:2172   .bss:0000000c data2
C:\Users\YATEEN~1\AppData\Local\Temp/cc8rf0NS.s:2178   .bss:0000000e data3
C:\Users\YATEEN~1\AppData\Local\Temp/cc8rf0NS.s:2184   .bss:00000010 data4
C:\Users\YATEEN~1\AppData\Local\Temp/cc8rf0NS.s:2190   .bss:00000012 data5
C:\Users\YATEEN~1\AppData\Local\Temp/cc8rf0NS.s:1780   .text:00000782 trace_circular_curve
C:\Users\YATEEN~1\AppData\Local\Temp/cc8rf0NS.s:1807   .text:000007a6 pwm_init
C:\Users\YATEEN~1\AppData\Local\Temp/cc8rf0NS.s:1830   .text:000007c0 port_init
C:\Users\YATEEN~1\AppData\Local\Temp/cc8rf0NS.s:1854   .text:000007d6 leftREV
C:\Users\YATEEN~1\AppData\Local\Temp/cc8rf0NS.s:1877   .text:000007ea rightREV
C:\Users\YATEEN~1\AppData\Local\Temp/cc8rf0NS.s:1900   .text:000007fe leftFWD
C:\Users\YATEEN~1\AppData\Local\Temp/cc8rf0NS.s:1923   .text:00000812 rightFWD
C:\Users\YATEEN~1\AppData\Local\Temp/cc8rf0NS.s:1946   .text:00000826 bot_stop
C:\Users\YATEEN~1\AppData\Local\Temp/cc8rf0NS.s:1971   .text:00000844 bot_stop2
C:\Users\YATEEN~1\AppData\Local\Temp/cc8rf0NS.s:1989   .text:00000856 main
C:\Users\YATEEN~1\AppData\Local\Temp/cc8rf0NS.s:2011   .text:0000086c lcd_showvaluef
C:\Users\YATEEN~1\AppData\Local\Temp/cc8rf0NS.s:2096   .bss:00000000 k
C:\Users\YATEEN~1\AppData\Local\Temp/cc8rf0NS.s:2102   .bss:00000001 j
C:\Users\YATEEN~1\AppData\Local\Temp/cc8rf0NS.s:2108   .data:00000000 ch
C:\Users\YATEEN~1\AppData\Local\Temp/cc8rf0NS.s:2124   .bss:00000002 tenthousand
C:\Users\YATEEN~1\AppData\Local\Temp/cc8rf0NS.s:2130   .bss:00000003 thousand
C:\Users\YATEEN~1\AppData\Local\Temp/cc8rf0NS.s:2136   .bss:00000004 hundred
C:\Users\YATEEN~1\AppData\Local\Temp/cc8rf0NS.s:2142   .bss:00000005 ten
C:\Users\YATEEN~1\AppData\Local\Temp/cc8rf0NS.s:2148   .bss:00000006 one
C:\Users\YATEEN~1\AppData\Local\Temp/cc8rf0NS.s:2202   .bss:00000016 i_data1
C:\Users\YATEEN~1\AppData\Local\Temp/cc8rf0NS.s:2208   .bss:00000018 i_check

UNDEFINED SYMBOLS
__divmodsi4
__mulsi3
__udivmodsi4
__udivmodhi4
__ltsf2
__fixunssfsi
modf
__mulsf3
__do_copy_data
__do_clear_bss
